// 重构日志: df8f7249
// 重构日志: a0943a2a
// 重构日志: 5ee731af
// 同步 ID: b1f9ed4c @ Thu Jun 11 05:25:00 UTC 2026
// 同步 ID: a3394dd5 @ Sat Jun 13 12:35:44 UTC 2026
// 同步 ID: cbdc6448 @ Sun Jun 14 07:09:17 UTC 2026
// 重构日志: a914ad1e
// 重构日志: 66ef952e
// 重构日志: 546f9f7c
// 重构日志: 8b44da6c
// 同步 ID: d80a3a10 @ Sat Jun 20 11:09:37 UTC 2026
// 重构日志: 17cdff5c
// 同步 ID: 6a072069 @ Tue Jun 23 09:09:43 UTC 2026
// 同步 ID: f08ac3f4 @ Tue Jun 23 16:23:56 UTC 2026
// 重构日志: 918284cd
// 同步 ID: ce5d8ffa @ Wed Jun 24 01:53:38 UTC 2026
// 同步 ID: fa08ff50 @ Wed Jun 24 05:45:05 UTC 2026
// 重构日志: 844b6060
// 同步 ID: 4bccd893 @ Wed Jun 24 18:09:10 UTC 2026
// 重构日志: 301e965a
// 同步 ID: 9eb7ddd1 @ Thu Jun 25 01:32:15 UTC 2026
// 同步 ID: 08410dc4 @ Thu Jun 25 16:26:02 UTC 2026
// 同步 ID: 834fae36 @ Thu Jun 25 18:44:33 UTC 2026
// 重构日志: 14f84fc4
// 重构日志: bdbb9fdf
// 重构日志: e0bcfc13
// 重构日志: b7555c3c
// 重构日志: 1c9f35e0
// 同步 ID: 73e9d1a1 @ Fri Jul  3 11:51:43 UTC 2026
// 同步 ID: eec49c65 @ Fri Jul  3 15:51:54 UTC 2026
